<?xml version="1.0" encoding="UTF-8"?>
<testng-results ignored="0" total="1" passed="1" failed="0" skipped="0">
  <reporter-output>
  </reporter-output>
  <suite started-at="2024-06-18T12:06:54 IST" name="Default suite" finished-at="2024-06-18T12:07:05 IST" duration-ms="10467">
    <groups>
    </groups>
    <test started-at="2024-06-18T12:06:54 IST" name="Default test" finished-at="2024-06-18T12:07:05 IST" duration-ms="10467">
      <class name="TestCasesFlipkart.CartTest">
        <test-method is-config="true" signature="setup()[pri:0, instance:TestCasesFlipkart.CartTest@7d3430a7]" started-at="2024-06-18T12:06:54 IST" name="setup" finished-at="2024-06-18T12:07:03 IST" duration-ms="8468" status="PASS">
          <reporter-output>
          </reporter-output>
        </test-method> <!-- setup -->
        <test-method signature="testCartIsEmptyDefault(java.lang.String,java.lang.String)[pri:1, instance:TestCasesFlipkart.CartTest@7d3430a7]" started-at="2024-06-18T12:07:03 IST" name="testCartIsEmptyDefault" data-provider="searchData" finished-at="2024-06-18T12:07:04 IST" duration-ms="1179" status="PASS">
          <params>
            <param index="0">
              <value>
                <![CDATA[]]>
              </value>
            </param>
            <param index="1">
              <value>
                <![CDATA[]]>
              </value>
            </param>
          </params>
          <reporter-output>
          </reporter-output>
        </test-method> <!-- testCartIsEmptyDefault -->
      </class> <!-- TestCasesFlipkart.CartTest -->
    </test> <!-- Default test -->
  </suite> <!-- Default suite -->
</testng-results>
